#
# There is insufficient memory for the Java Runtime Environment to continue.
# Native memory allocation (mmap) failed to map 203423744 bytes for G1 virtual space
# Possible reasons:
#   The system is out of physical RAM or swap space
#   The process is running with CompressedOops enabled, and the Java Heap may be blocking the growth of the native heap
# Possible solutions:
#   Reduce memory load on the system
#   Increase physical memory or swap space
#   Check if swap backing store is full
#   Decrease Java heap size (-Xmx/-Xms)
#   Decrease number of Java threads
#   Decrease Java thread stack sizes (-Xss)
#   Set larger code cache with -XX:ReservedCodeCacheSize=
#   JVM is running with Unscaled Compressed Oops mode in which the Java heap is
#     placed in the first 4GB address space. The Java Heap base address is the
#     maximum limit for the native heap growth. Please use -XX:HeapBaseMinAddress
#     to set the Java Heap base and to place the Java Heap above 4GB virtual address.
# This output file may be truncated or incomplete.
#
#  Out of Memory Error (os_windows.cpp:3617), pid=24956, tid=23960
#
# JRE version: OpenJDK Runtime Environment Microsoft-8035246 (17.0.8+7) (build 17.0.8+7-LTS)
# Java VM: OpenJDK 64-Bit Server VM Microsoft-8035246 (17.0.8+7-LTS, mixed mode, emulated-client, sharing, tiered, compressed oops, compressed class ptrs, g1 gc, windows-amd64)
# No core dump will be written. Minidumps are not enabled by default on client versions of Windows
#

---------------  S U M M A R Y ------------

Command Line: -XX:TieredStopAtLevel=1 -Dspring.output.ansi.enabled=always -Dcom.sun.management.jmxremote -Dspring.jmx.enabled=true -Dspring.liveBeansView.mbeanDomain -Dspring.application.admin.enabled=true -Dmanagement.endpoints.jmx.exposure.include=* -javaagent:F:\InTellij\IntelliJ IDEA 2024.1.4\lib\idea_rt.jar=60774:F:\InTellij\IntelliJ IDEA 2024.1.4\bin -Dfile.encoding=UTF-8 com.hmdrinks.HmdrinksApplication

Host: 11th Gen Intel(R) Core(TM) i7-1165G7 @ 2.80GHz, 8 cores, 7G,  Windows 11 , 64 bit Build 26100 (10.0.26100.3912)
Time: Wed May 28 03:07:29 2025 SE Asia Standard Time elapsed time: 25.611533 seconds (0d 0h 0m 25s)

---------------  T H R E A D  ---------------

Current thread (0x0000017e23c636d0):  VMThread "VM Thread" [stack: 0x00000060eb800000,0x00000060eb900000] [id=23960]

Stack: [0x00000060eb800000,0x00000060eb900000]
Native frames: (J=compiled Java code, j=interpreted, Vv=VM code, C=native code)
V  [jvm.dll+0x67bf3a]
V  [jvm.dll+0x83a024]
V  [jvm.dll+0x83b7ce]
V  [jvm.dll+0x83be33]
V  [jvm.dll+0x24785f]
V  [jvm.dll+0x678cb9]
V  [jvm.dll+0x66d54a]
V  [jvm.dll+0x308feb]
V  [jvm.dll+0x310496]
V  [jvm.dll+0x36019e]
V  [jvm.dll+0x3603cf]
V  [jvm.dll+0x2dff38]
V  [jvm.dll+0x2de114]
V  [jvm.dll+0x2dd71c]
V  [jvm.dll+0x32143b]
V  [jvm.dll+0x84032b]
V  [jvm.dll+0x841064]
V  [jvm.dll+0x84157d]
V  [jvm.dll+0x841954]
V  [jvm.dll+0x841a20]
V  [jvm.dll+0x7ea13a]
V  [jvm.dll+0x67ad85]
C  [ucrtbase.dll+0x37b0]
C  [KERNEL32.DLL+0x2e8d7]
C  [ntdll.dll+0x9c5dc]

VM_Operation (0x00000060ed0f6b50): G1CollectForAllocation, mode: safepoint, requested by thread 0x0000017e6a946480


---------------  P R O C E S S  ---------------

Threads class SMR info:
_java_thread_list=0x0000017e6e0291b0, length=27, elements={
0x0000017e12097570, 0x0000017e23c68090, 0x0000017e23c6ab70, 0x0000017e23c7f220,
0x0000017e23c7faf0, 0x0000017e23c813d0, 0x0000017e23c83cb0, 0x0000017e23c86590,
0x0000017e23c98ec0, 0x0000017e23c54700, 0x0000017e6a4698a0, 0x0000017e6a469d80,
0x0000017e6a5538d0, 0x0000017e6a945b20, 0x0000017e6a946480, 0x0000017e6aa0a350,
0x0000017e6aa7e230, 0x0000017e6aaa98b0, 0x0000017e6aaaa2d0, 0x0000017e6aaac130,
0x0000017e243a4f80, 0x0000017e243a54d0, 0x0000017e243a7a00, 0x0000017e6dbb7c70,
0x0000017e6dbb6830, 0x0000017e6dbb9ad0, 0x0000017e6dbb9fe0
}

Java Threads: ( => current thread )
  0x0000017e12097570 JavaThread "main" [_thread_blocked, id=24932, stack(0x00000060eb200000,0x00000060eb300000)]
  0x0000017e23c68090 JavaThread "Reference Handler" daemon [_thread_blocked, id=5632, stack(0x00000060eb900000,0x00000060eba00000)]
  0x0000017e23c6ab70 JavaThread "Finalizer" daemon [_thread_blocked, id=24616, stack(0x00000060eba00000,0x00000060ebb00000)]
  0x0000017e23c7f220 JavaThread "Signal Dispatcher" daemon [_thread_blocked, id=24672, stack(0x00000060ebb00000,0x00000060ebc00000)]
  0x0000017e23c7faf0 JavaThread "Attach Listener" daemon [_thread_blocked, id=14416, stack(0x00000060ebc00000,0x00000060ebd00000)]
  0x0000017e23c813d0 JavaThread "Service Thread" daemon [_thread_blocked, id=24676, stack(0x00000060ebd00000,0x00000060ebe00000)]
  0x0000017e23c83cb0 JavaThread "Monitor Deflation Thread" daemon [_thread_blocked, id=24704, stack(0x00000060ebe00000,0x00000060ebf00000)]
  0x0000017e23c86590 JavaThread "C1 CompilerThread0" daemon [_thread_blocked, id=9668, stack(0x00000060ebf00000,0x00000060ec000000)]
  0x0000017e23c98ec0 JavaThread "Sweeper thread" daemon [_thread_blocked, id=24708, stack(0x00000060ec000000,0x00000060ec100000)]
  0x0000017e23c54700 JavaThread "Common-Cleaner" daemon [_thread_blocked, id=19956, stack(0x00000060ec100000,0x00000060ec200000)]
  0x0000017e6a4698a0 JavaThread "Monitor Ctrl-Break" daemon [_thread_in_native, id=18032, stack(0x00000060ec600000,0x00000060ec700000)]
  0x0000017e6a469d80 JavaThread "Notification Thread" daemon [_thread_blocked, id=24228, stack(0x00000060ec700000,0x00000060ec800000)]
  0x0000017e6a5538d0 JavaThread "RMI TCP Accept-0" daemon [_thread_in_native, id=3484, stack(0x00000060ec800000,0x00000060ec900000)]
  0x0000017e6a945b20 JavaThread "Thread-0" [_thread_blocked, id=17840, stack(0x00000060ecf00000,0x00000060ed000000)]
  0x0000017e6a946480 JavaThread "restartedMain" [_thread_blocked, id=23436, stack(0x00000060ed000000,0x00000060ed100000)]
  0x0000017e6aa0a350 JavaThread "RMI TCP Connection(2)-192.168.9.196" daemon [_thread_in_native, id=24908, stack(0x00000060ed100000,0x00000060ed200000)]
  0x0000017e6aa7e230 JavaThread "RMI Scheduler(0)" daemon [_thread_blocked, id=10600, stack(0x00000060ed200000,0x00000060ed300000)]
  0x0000017e6aaa98b0 JavaThread "RMI TCP Connection(3)-192.168.9.196" daemon [_thread_blocked, id=25124, stack(0x00000060ed400000,0x00000060ed500000)]
  0x0000017e6aaaa2d0 JavaThread "mysql-cj-abandoned-connection-cleanup" daemon [_thread_blocked, id=25368, stack(0x00000060ed600000,0x00000060ed700000)]
  0x0000017e6aaac130 JavaThread "HikariPool-1 housekeeper" daemon [_thread_blocked, id=25308, stack(0x00000060ed800000,0x00000060ed900000)]
  0x0000017e243a4f80 JavaThread "C1 CompilerThread1" daemon [_thread_blocked, id=25028, stack(0x00000060ec200000,0x00000060ec300000)]
  0x0000017e243a54d0 JavaThread "C1 CompilerThread2" daemon [_thread_blocked, id=6444, stack(0x00000060ec300000,0x00000060ec400000)]
  0x0000017e243a7a00 JavaThread "C1 CompilerThread3" daemon [_thread_blocked, id=19104, stack(0x00000060ece00000,0x00000060ecf00000)]
  0x0000017e6dbb7c70 JavaThread "pool-2-thread-1" [_thread_blocked, id=1400, stack(0x00000060ed900000,0x00000060eda00000)]
  0x0000017e6dbb6830 JavaThread "Catalina-utility-1" [_thread_blocked, id=14120, stack(0x00000060eda00000,0x00000060edb00000)]
  0x0000017e6dbb9ad0 JavaThread "Catalina-utility-2" [_thread_blocked, id=24200, stack(0x00000060edb00000,0x00000060edc00000)]
  0x0000017e6dbb9fe0 JavaThread "container-0" [_thread_blocked, id=22324, stack(0x00000060edc00000,0x00000060edd00000)]

Other Threads:
=>0x0000017e23c636d0 VMThread "VM Thread" [stack: 0x00000060eb800000,0x00000060eb900000] [id=23960]
  0x0000017e12117cf0 WatcherThread [stack: 0x00000060ec900000,0x00000060eca00000] [id=7944]
  0x0000017e120f2ed0 GCTaskThread "GC Thread#0" [stack: 0x00000060eb300000,0x00000060eb400000] [id=25524]
  0x0000017e24dfe1f0 GCTaskThread "GC Thread#1" [stack: 0x00000060ec400000,0x00000060ec500000] [id=24572]
  0x0000017e24dfe4b0 GCTaskThread "GC Thread#2" [stack: 0x00000060ec500000,0x00000060ec600000] [id=21028]
  0x0000017e6a822190 GCTaskThread "GC Thread#3" [stack: 0x00000060eca00000,0x00000060ecb00000] [id=13128]
  0x0000017e6a900010 GCTaskThread "GC Thread#4" [stack: 0x00000060ecb00000,0x00000060ecc00000] [id=6000]
  0x0000017e6a9002d0 GCTaskThread "GC Thread#5" [stack: 0x00000060ecc00000,0x00000060ecd00000] [id=24660]
  0x0000017e6a900590 GCTaskThread "GC Thread#6" [stack: 0x00000060ecd00000,0x00000060ece00000] [id=15588]
  0x0000017e6aca0020 GCTaskThread "GC Thread#7" [stack: 0x00000060ed300000,0x00000060ed400000] [id=15396]
  0x0000017e12104240 ConcurrentGCThread "G1 Main Marker" [stack: 0x00000060eb400000,0x00000060eb500000] [id=25520]
  0x0000017e12105300 ConcurrentGCThread "G1 Conc#0" [stack: 0x00000060eb500000,0x00000060eb600000] [id=25516]
  0x0000017e6ae5a430 ConcurrentGCThread "G1 Conc#1" [stack: 0x00000060ed500000,0x00000060ed600000] [id=24972]
  0x0000017e23b166c0 ConcurrentGCThread "G1 Refine#0" [stack: 0x00000060eb600000,0x00000060eb700000] [id=25500]
  0x0000017e23b1aed0 ConcurrentGCThread "G1 Service" [stack: 0x00000060eb700000,0x00000060eb800000] [id=24684]

Threads with active compile tasks:
C1 CompilerThread1    25642 10089       1       org.antlr.v4.runtime.atn.PredictionMode::hasSLLConflictTerminatingPrediction (109 bytes)

VM state: at safepoint (normal execution)

VM Mutex/Monitor currently owned by a thread:  ([mutex/lock_event])
[0x0000017e0fe6d2c0] Threads_lock - owner thread: 0x0000017e23c636d0
[0x0000017e12094450] Heap_lock - owner thread: 0x0000017e6a946480

Heap address: 0x0000000083e00000, size: 1986 MB, Compressed Oops mode: 32-bit

CDS archive(s) mapped at: [0x0000017e25000000-0x0000017e25bd0000-0x0000017e25bd0000), size 12386304, SharedBaseAddress: 0x0000017e25000000, ArchiveRelocationMode: 1.
Compressed class space mapped at: 0x0000017e26000000-0x0000017e66000000, reserved size: 1073741824
Narrow klass base: 0x0000017e25000000, Narrow klass shift: 0, Narrow klass range: 0x100000000

GC Precious Log:
 CPUs: 8 total, 8 available
 Memory: 7937M
 Large Page Support: Disabled
 NUMA Support: Disabled
 Compressed Oops: Enabled (32-bit)
 Heap Region Size: 1M
 Heap Min Capacity: 8M
 Heap Initial Capacity: 126M
 Heap Max Capacity: 1986M
 Pre-touch: Disabled
 Parallel Workers: 8
 Concurrent Workers: 2
 Concurrent Refinement Workers: 8
 Periodic GC: Disabled

Heap:
 garbage-first heap   total 147456K, used 76001K [0x0000000083e00000, 0x0000000100000000)
  region size 1024K, 1 young (1024K), 1 survivors (1024K)
 Metaspace       used 81548K, committed 82240K, reserved 1179648K
  class space    used 12083K, committed 12416K, reserved 1048576K

Heap Regions: E=young(eden), S=young(survivor), O=old, HS=humongous(starts), HC=humongous(continues), CS=collection set, F=free, OA=open archive, CA=closed archive, TAMS=top-at-mark-start (previous, next)
|   0|0x0000000083e00000, 0x0000000083f00000, 0x0000000083f00000|100%|HS|  |TAMS 0x0000000083f00000, 0x0000000083e00000| Complete 
|   1|0x0000000083f00000, 0x0000000084000000, 0x0000000084000000|100%|HS|  |TAMS 0x0000000084000000, 0x0000000083f00000| Complete 
|   2|0x0000000084000000, 0x0000000084100000, 0x0000000084100000|100%|HS|  |TAMS 0x0000000084100000, 0x0000000084000000| Complete 
|   3|0x0000000084100000, 0x0000000084200000, 0x0000000084200000|100%| O|  |TAMS 0x0000000084200000, 0x0000000084100000| Untracked 
|   4|0x0000000084200000, 0x0000000084300000, 0x0000000084300000|100%|HS|  |TAMS 0x0000000084300000, 0x0000000084200000| Complete 
|   5|0x0000000084300000, 0x0000000084400000, 0x0000000084400000|100%|HC|  |TAMS 0x0000000084400000, 0x0000000084300000| Complete 
|   6|0x0000000084400000, 0x0000000084500000, 0x0000000084500000|100%|HS|  |TAMS 0x0000000084500000, 0x0000000084400000| Complete 
|   7|0x0000000084500000, 0x0000000084600000, 0x0000000084600000|100%|HC|  |TAMS 0x0000000084600000, 0x0000000084500000| Complete 
|   8|0x0000000084600000, 0x0000000084700000, 0x0000000084700000|100%|HC|  |TAMS 0x0000000084700000, 0x0000000084600000| Complete 
|   9|0x0000000084700000, 0x0000000084800000, 0x0000000084800000|100%|HS|  |TAMS 0x0000000084800000, 0x0000000084700000| Complete 
|  10|0x0000000084800000, 0x0000000084900000, 0x0000000084900000|100%| O|  |TAMS 0x0000000084900000, 0x0000000084800000| Untracked 
|  11|0x0000000084900000, 0x0000000084a00000, 0x0000000084a00000|100%| O|  |TAMS 0x0000000084a00000, 0x0000000084900000| Untracked 
|  12|0x0000000084a00000, 0x0000000084b00000, 0x0000000084b00000|100%| O|  |TAMS 0x0000000084b00000, 0x0000000084a00000| Untracked 
|  13|0x0000000084b00000, 0x0000000084c00000, 0x0000000084c00000|100%| O|  |TAMS 0x0000000084c00000, 0x0000000084b00000| Untracked 
|  14|0x0000000084c00000, 0x0000000084d00000, 0x0000000084d00000|100%| O|  |TAMS 0x0000000084d00000, 0x0000000084c00000| Untracked 
|  15|0x0000000084d00000, 0x0000000084e00000, 0x0000000084e00000|100%| O|  |TAMS 0x0000000084e00000, 0x0000000084d00000| Untracked 
|  16|0x0000000084e00000, 0x0000000084e00000, 0x0000000084f00000|  0%| F|  |TAMS 0x0000000084e00000, 0x0000000084e00000| Untracked 
|  17|0x0000000084f00000, 0x0000000085000000, 0x0000000085000000|100%| O|  |TAMS 0x0000000085000000, 0x0000000084f00000| Untracked 
|  18|0x0000000085000000, 0x0000000085100000, 0x0000000085100000|100%| O|  |TAMS 0x0000000085100000, 0x0000000085000000| Untracked 
|  19|0x0000000085100000, 0x0000000085200000, 0x0000000085200000|100%| O|  |TAMS 0x0000000085200000, 0x0000000085100000| Untracked 
|  20|0x0000000085200000, 0x0000000085300000, 0x0000000085300000|100%| O|  |TAMS 0x0000000085300000, 0x0000000085200000| Untracked 
|  21|0x0000000085300000, 0x0000000085400000, 0x0000000085400000|100%| O|  |TAMS 0x0000000085400000, 0x0000000085300000| Untracked 
|  22|0x0000000085400000, 0x0000000085500000, 0x0000000085500000|100%| O|  |TAMS 0x0000000085500000, 0x0000000085400000| Untracked 
|  23|0x0000000085500000, 0x0000000085600000, 0x0000000085600000|100%| O|  |TAMS 0x0000000085600000, 0x0000000085500000| Untracked 
|  24|0x0000000085600000, 0x0000000085700000, 0x0000000085700000|100%| O|  |TAMS 0x0000000085700000, 0x0000000085600000| Untracked 
|  25|0x0000000085700000, 0x0000000085800000, 0x0000000085800000|100%| O|  |TAMS 0x0000000085800000, 0x0000000085700000| Untracked 
|  26|0x0000000085800000, 0x0000000085900000, 0x0000000085900000|100%| O|  |TAMS 0x0000000085900000, 0x0000000085800000| Untracked 
|  27|0x0000000085900000, 0x0000000085a00000, 0x0000000085a00000|100%| O|  |TAMS 0x0000000085a00000, 0x0000000085900000| Untracked 
|  28|0x0000000085a00000, 0x0000000085b00000, 0x0000000085b00000|100%| O|  |TAMS 0x0000000085b00000, 0x0000000085a00000| Untracked 
|  29|0x0000000085b00000, 0x0000000085c00000, 0x0000000085c00000|100%| O|  |TAMS 0x0000000085b00000, 0x0000000085b00000| Untracked 
|  30|0x0000000085c00000, 0x0000000085d00000, 0x0000000085d00000|100%| O|  |TAMS 0x0000000085d00000, 0x0000000085c00000| Untracked 
|  31|0x0000000085d00000, 0x0000000085e00000, 0x0000000085e00000|100%| O|  |TAMS 0x0000000085e00000, 0x0000000085d00000| Untracked 
|  32|0x0000000085e00000, 0x0000000085f00000, 0x0000000085f00000|100%| O|  |TAMS 0x0000000085f00000, 0x0000000085e00000| Untracked 
|  33|0x0000000085f00000, 0x0000000086000000, 0x0000000086000000|100%| O|  |TAMS 0x0000000086000000, 0x0000000085f00000| Untracked 
|  34|0x0000000086000000, 0x0000000086100000, 0x0000000086100000|100%| O|  |TAMS 0x0000000086100000, 0x0000000086000000| Untracked 
|  35|0x0000000086100000, 0x0000000086200000, 0x0000000086200000|100%| O|  |TAMS 0x0000000086200000, 0x0000000086100000| Untracked 
|  36|0x0000000086200000, 0x0000000086300000, 0x0000000086300000|100%| O|  |TAMS 0x0000000086300000, 0x0000000086200000| Untracked 
|  37|0x0000000086300000, 0x0000000086400000, 0x0000000086400000|100%| O|  |TAMS 0x0000000086400000, 0x0000000086300000| Untracked 
|  38|0x0000000086400000, 0x0000000086500000, 0x0000000086500000|100%| O|  |TAMS 0x0000000086500000, 0x0000000086400000| Untracked 
|  39|0x0000000086500000, 0x0000000086600000, 0x0000000086600000|100%| O|  |TAMS 0x0000000086600000, 0x0000000086500000| Untracked 
|  40|0x0000000086600000, 0x0000000086700000, 0x0000000086700000|100%| O|  |TAMS 0x0000000086700000, 0x0000000086600000| Untracked 
|  41|0x0000000086700000, 0x0000000086800000, 0x0000000086800000|100%| O|  |TAMS 0x0000000086800000, 0x0000000086700000| Untracked 
|  42|0x0000000086800000, 0x0000000086900000, 0x0000000086900000|100%| O|  |TAMS 0x0000000086900000, 0x0000000086800000| Untracked 
|  43|0x0000000086900000, 0x0000000086a00000, 0x0000000086a00000|100%| O|  |TAMS 0x0000000086a00000, 0x0000000086900000| Untracked 
|  44|0x0000000086a00000, 0x0000000086b00000, 0x0000000086b00000|100%| O|  |TAMS 0x0000000086b00000, 0x0000000086a00000| Untracked 
|  45|0x0000000086b00000, 0x0000000086c00000, 0x0000000086c00000|100%| O|  |TAMS 0x0000000086c00000, 0x0000000086b00000| Untracked 
|  46|0x0000000086c00000, 0x0000000086d00000, 0x0000000086d00000|100%| O|  |TAMS 0x0000000086d00000, 0x0000000086c00000| Untracked 
|  47|0x0000000086d00000, 0x0000000086e00000, 0x0000000086e00000|100%| O|  |TAMS 0x0000000086e00000, 0x0000000086d00000| Untracked 
|  48|0x0000000086e00000, 0x0000000086f00000, 0x0000000086f00000|100%| O|  |TAMS 0x0000000086f00000, 0x0000000086e00000| Untracked 
|  49|0x0000000086f00000, 0x0000000087000000, 0x0000000087000000|100%| O|  |TAMS 0x0000000087000000, 0x0000000086f00000| Untracked 
|  50|0x0000000087000000, 0x0000000087100000, 0x0000000087100000|100%| O|  |TAMS 0x0000000087100000, 0x0000000087000000| Untracked 
|  51|0x0000000087100000, 0x0000000087200000, 0x0000000087200000|100%| O|  |TAMS 0x0000000087200000, 0x0000000087100000| Untracked 
|  52|0x0000000087200000, 0x0000000087300000, 0x0000000087300000|100%| O|  |TAMS 0x0000000087300000, 0x0000000087200000| Untracked 
|  53|0x0000000087300000, 0x0000000087400000, 0x0000000087400000|100%| O|  |TAMS 0x0000000087400000, 0x0000000087300000| Untracked 
|  54|0x0000000087400000, 0x0000000087500000, 0x0000000087500000|100%| O|  |TAMS 0x0000000087500000, 0x0000000087400000| Untracked 
|  55|0x0000000087500000, 0x0000000087600000, 0x0000000087600000|100%| O|  |TAMS 0x0000000087600000, 0x0000000087500000| Untracked 
|  56|0x0000000087600000, 0x0000000087700000, 0x0000000087700000|100%| O|  |TAMS 0x0000000087700000, 0x0000000087600000| Untracked 
|  57|0x0000000087700000, 0x0000000087800000, 0x0000000087800000|100%| O|  |TAMS 0x0000000087800000, 0x0000000087700000| Untracked 
|  58|0x0000000087800000, 0x0000000087900000, 0x0000000087900000|100%| O|  |TAMS 0x0000000087900000, 0x0000000087800000| Untracked 
|  59|0x0000000087900000, 0x0000000087a00000, 0x0000000087a00000|100%| O|  |TAMS 0x0000000087a00000, 0x0000000087900000| Untracked 
|  60|0x0000000087a00000, 0x0000000087b00000, 0x0000000087b00000|100%| O|  |TAMS 0x0000000087b00000, 0x0000000087a00000| Untracked 
|  61|0x0000000087b00000, 0x0000000087c00000, 0x0000000087c00000|100%| O|  |TAMS 0x0000000087c00000, 0x0000000087b00000| Untracked 
|  62|0x0000000087c00000, 0x0000000087d00000, 0x0000000087d00000|100%| O|  |TAMS 0x0000000087d00000, 0x0000000087c00000| Untracked 
|  63|0x0000000087d00000, 0x0000000087e00000, 0x0000000087e00000|100%| O|  |TAMS 0x0000000087e00000, 0x0000000087d00000| Untracked 
|  64|0x0000000087e00000, 0x0000000087f00000, 0x0000000087f00000|100%| O|  |TAMS 0x0000000087f00000, 0x0000000087e00000| Untracked 
|  65|0x0000000087f00000, 0x0000000088000000, 0x0000000088000000|100%| O|  |TAMS 0x0000000088000000, 0x0000000087f00000| Untracked 
|  66|0x0000000088000000, 0x0000000088100000, 0x0000000088100000|100%| O|  |TAMS 0x0000000088100000, 0x0000000088000000| Untracked 
|  67|0x0000000088100000, 0x0000000088200000, 0x0000000088200000|100%| O|  |TAMS 0x0000000088200000, 0x0000000088100000| Untracked 
|  68|0x0000000088200000, 0x0000000088300000, 0x0000000088300000|100%| O|  |TAMS 0x0000000088300000, 0x0000000088200000| Untracked 
|  69|0x0000000088300000, 0x0000000088400000, 0x0000000088400000|100%| O|  |TAMS 0x0000000088400000, 0x0000000088300000| Untracked 
|  70|0x0000000088400000, 0x0000000088500000, 0x0000000088500000|100%| O|  |TAMS 0x0000000088486600, 0x0000000088400000| Untracked 
|  71|0x0000000088500000, 0x0000000088600000, 0x0000000088600000|100%| O|  |TAMS 0x0000000088500000, 0x0000000088500000| Untracked 
|  72|0x0000000088600000, 0x0000000088700000, 0x0000000088700000|100%| O|  |TAMS 0x0000000088600000, 0x0000000088600000| Untracked 
|  73|0x0000000088700000, 0x0000000088800000, 0x0000000088800000|100%| O|  |TAMS 0x0000000088700000, 0x0000000088700000| Untracked 
|  74|0x0000000088800000, 0x0000000088867400, 0x0000000088900000| 40%| O|  |TAMS 0x0000000088800000, 0x0000000088800000| Untracked 
|  75|0x0000000088900000, 0x0000000088900000, 0x0000000088a00000|  0%| F|  |TAMS 0x0000000088900000, 0x0000000088900000| Untracked 
|  76|0x0000000088a00000, 0x0000000088a00000, 0x0000000088b00000|  0%| F|  |TAMS 0x0000000088a00000, 0x0000000088a00000| Untracked 
|  77|0x0000000088b00000, 0x0000000088b00000, 0x0000000088c00000|  0%| F|  |TAMS 0x0000000088b00000, 0x0000000088b00000| Untracked 
|  78|0x0000000088c00000, 0x0000000088c00000, 0x0000000088d00000|  0%| F|  |TAMS 0x0000000088c00000, 0x0000000088c00000| Untracked 
|  79|0x0000000088d00000, 0x0000000088d00000, 0x0000000088e00000|  0%| F|  |TAMS 0x0000000088d00000, 0x0000000088d00000| Untracked 
|  80|0x0000000088e00000, 0x0000000088e00000, 0x0000000088f00000|  0%| F|  |TAMS 0x0000000088e00000, 0x0000000088e00000| Untracked 
|  81|0x0000000088f00000, 0x0000000088f00000, 0x0000000089000000|  0%| F|  |TAMS 0x0000000088f00000, 0x0000000088f00000| Untracked 
|  82|0x0000000089000000, 0x0000000089000000, 0x0000000089100000|  0%| F|  |TAMS 0x0000000089000000, 0x0000000089000000| Untracked 
|  83|0x0000000089100000, 0x0000000089100000, 0x0000000089200000|  0%| F|  |TAMS 0x0000000089100000, 0x0000000089100000| Untracked 
|  84|0x0000000089200000, 0x0000000089200000, 0x0000000089300000|  0%| F|  |TAMS 0x0000000089200000, 0x0000000089200000| Untracked 
|  85|0x0000000089300000, 0x0000000089300000, 0x0000000089400000|  0%| F|  |TAMS 0x0000000089300000, 0x0000000089300000| Untracked 
|  86|0x0000000089400000, 0x0000000089400000, 0x0000000089500000|  0%| F|  |TAMS 0x0000000089400000, 0x0000000089400000| Untracked 
|  87|0x0000000089500000, 0x0000000089500000, 0x0000000089600000|  0%| F|  |TAMS 0x0000000089500000, 0x0000000089500000| Untracked 
|  88|0x0000000089600000, 0x0000000089600000, 0x0000000089700000|  0%| F|  |TAMS 0x0000000089600000, 0x0000000089600000| Untracked 
|  89|0x0000000089700000, 0x0000000089700000, 0x0000000089800000|  0%| F|  |TAMS 0x0000000089700000, 0x0000000089700000| Untracked 
|  90|0x0000000089800000, 0x0000000089800000, 0x0000000089900000|  0%| F|  |TAMS 0x0000000089800000, 0x0000000089800000| Untracked 
|  91|0x0000000089900000, 0x0000000089900000, 0x0000000089a00000|  0%| F|  |TAMS 0x0000000089900000, 0x0000000089900000| Untracked 
|  92|0x0000000089a00000, 0x0000000089a00000, 0x0000000089b00000|  0%| F|  |TAMS 0x0000000089a00000, 0x0000000089a00000| Untracked 
|  93|0x0000000089b00000, 0x0000000089b00000, 0x0000000089c00000|  0%| F|  |TAMS 0x0000000089b00000, 0x0000000089b00000| Untracked 
|  94|0x0000000089c00000, 0x0000000089c00000, 0x0000000089d00000|  0%| F|  |TAMS 0x0000000089c00000, 0x0000000089c00000| Untracked 
|  95|0x0000000089d00000, 0x0000000089d00000, 0x0000000089e00000|  0%| F|  |TAMS 0x0000000089d00000, 0x0000000089d00000| Untracked 
|  96|0x0000000089e00000, 0x0000000089e00000, 0x0000000089f00000|  0%| F|  |TAMS 0x0000000089e00000, 0x0000000089e00000| Untracked 
|  97|0x0000000089f00000, 0x0000000089f00000, 0x000000008a000000|  0%| F|  |TAMS 0x0000000089f00000, 0x0000000089f00000| Untracked 
|  98|0x000000008a000000, 0x000000008a000000, 0x000000008a100000|  0%| F|  |TAMS 0x000000008a000000, 0x000000008a000000| Untracked 
|  99|0x000000008a100000, 0x000000008a100000, 0x000000008a200000|  0%| F|  |TAMS 0x000000008a100000, 0x000000008a100000| Untracked 
| 100|0x000000008a200000, 0x000000008a200000, 0x000000008a300000|  0%| F|  |TAMS 0x000000008a200000, 0x000000008a200000| Untracked 
| 101|0x000000008a300000, 0x000000008a300000, 0x000000008a400000|  0%| F|  |TAMS 0x000000008a300000, 0x000000008a300000| Untracked 
| 102|0x000000008a400000, 0x000000008a400000, 0x000000008a500000|  0%| F|  |TAMS 0x000000008a400000, 0x000000008a400000| Untracked 
| 103|0x000000008a500000, 0x000000008a500000, 0x000000008a600000|  0%| F|  |TAMS 0x000000008a500000, 0x000000008a500000| Untracked 
| 104|0x000000008a600000, 0x000000008a600000, 0x000000008a700000|  0%| F|  |TAMS 0x000000008a600000, 0x000000008a600000| Untracked 
| 105|0x000000008a700000, 0x000000008a700000, 0x000000008a800000|  0%| F|  |TAMS 0x000000008a700000, 0x000000008a700000| Untracked 
| 106|0x000000008a800000, 0x000000008a800000, 0x000000008a900000|  0%| F|  |TAMS 0x000000008a800000, 0x000000008a800000| Untracked 
| 107|0x000000008a900000, 0x000000008a900000, 0x000000008aa00000|  0%| F|  |TAMS 0x000000008a900000, 0x000000008a900000| Untracked 
| 108|0x000000008aa00000, 0x000000008aa00000, 0x000000008ab00000|  0%| F|  |TAMS 0x000000008aa00000, 0x000000008aa00000| Untracked 
| 109|0x000000008ab00000, 0x000000008ab00000, 0x000000008ac00000|  0%| F|  |TAMS 0x000000008ab00000, 0x000000008ab00000| Untracked 
| 110|0x000000008ac00000, 0x000000008ac00000, 0x000000008ad00000|  0%| F|  |TAMS 0x000000008ac00000, 0x000000008ac00000| Untracked 
| 111|0x000000008ad00000, 0x000000008ad00000, 0x000000008ae00000|  0%| F|  |TAMS 0x000000008ad00000, 0x000000008ad00000| Untracked 
| 112|0x000000008ae00000, 0x000000008ae00000, 0x000000008af00000|  0%| F|  |TAMS 0x000000008ae00000, 0x000000008ae00000| Untracked 
| 113|0x000000008af00000, 0x000000008af00000, 0x000000008b000000|  0%| F|  |TAMS 0x000000008af00000, 0x000000008af00000| Untracked 
| 114|0x000000008b000000, 0x000000008b000000, 0x000000008b100000|  0%| F|  |TAMS 0x000000008b000000, 0x000000008b000000| Untracked 
| 115|0x000000008b100000, 0x000000008b100000, 0x000000008b200000|  0%| F|  |TAMS 0x000000008b100000, 0x000000008b100000| Untracked 
| 116|0x000000008b200000, 0x000000008b200000, 0x000000008b300000|  0%| F|  |TAMS 0x000000008b200000, 0x000000008b200000| Untracked 
| 117|0x000000008b300000, 0x000000008b300000, 0x000000008b400000|  0%| F|  |TAMS 0x000000008b300000, 0x000000008b300000| Untracked 
| 118|0x000000008b400000, 0x000000008b400000, 0x000000008b500000|  0%| F|  |TAMS 0x000000008b400000, 0x000000008b400000| Untracked 
| 119|0x000000008b500000, 0x000000008b500000, 0x000000008b600000|  0%| F|  |TAMS 0x000000008b500000, 0x000000008b500000| Untracked 
| 120|0x000000008b600000, 0x000000008b600000, 0x000000008b700000|  0%| F|  |TAMS 0x000000008b600000, 0x000000008b600000| Untracked 
| 121|0x000000008b700000, 0x000000008b700000, 0x000000008b800000|  0%| F|  |TAMS 0x000000008b700000, 0x000000008b700000| Untracked 
| 122|0x000000008b800000, 0x000000008b800000, 0x000000008b900000|  0%| F|  |TAMS 0x000000008b800000, 0x000000008b800000| Untracked 
| 123|0x000000008b900000, 0x000000008b900000, 0x000000008ba00000|  0%| F|  |TAMS 0x000000008b900000, 0x000000008b900000| Untracked 
| 124|0x000000008ba00000, 0x000000008ba00000, 0x000000008bb00000|  0%| F|  |TAMS 0x000000008ba00000, 0x000000008ba00000| Untracked 
| 125|0x000000008bb00000, 0x000000008bb00000, 0x000000008bc00000|  0%| F|  |TAMS 0x000000008bb00000, 0x000000008bb00000| Untracked 
| 126|0x000000008bc00000, 0x000000008bc00000, 0x000000008bd00000|  0%| F|  |TAMS 0x000000008bc00000, 0x000000008bc00000| Untracked 
| 127|0x000000008bd00000, 0x000000008bd00000, 0x000000008be00000|  0%| F|  |TAMS 0x000000008bd00000, 0x000000008bd00000| Untracked 
| 128|0x000000008be00000, 0x000000008be00000, 0x000000008bf00000|  0%| F|  |TAMS 0x000000008be00000, 0x000000008be00000| Untracked 
| 129|0x000000008bf00000, 0x000000008bf00000, 0x000000008c000000|  0%| F|  |TAMS 0x000000008bf00000, 0x000000008bf00000| Untracked 
| 130|0x000000008c000000, 0x000000008c000000, 0x000000008c100000|  0%| F|  |TAMS 0x000000008c000000, 0x000000008c000000| Untracked 
| 131|0x000000008c100000, 0x000000008c100000, 0x000000008c200000|  0%| F|  |TAMS 0x000000008c100000, 0x000000008c100000| Untracked 
| 132|0x000000008c200000, 0x000000008c200000, 0x000000008c300000|  0%| F|  |TAMS 0x000000008c200000, 0x000000008c200000| Untracked 
| 133|0x000000008c300000, 0x000000008c300000, 0x000000008c400000|  0%| F|  |TAMS 0x000000008c300000, 0x000000008c300000| Untracked 
| 134|0x000000008c400000, 0x000000008c400000, 0x000000008c500000|  0%| F|  |TAMS 0x000000008c400000, 0x000000008c400000| Untracked 
| 135|0x000000008c500000, 0x000000008c500000, 0x000000008c600000|  0%| F|  |TAMS 0x000000008c500000, 0x000000008c500000| Untracked 
| 136|0x000000008c600000, 0x000000008c600000, 0x000000008c700000|  0%| F|  |TAMS 0x000000008c600000, 0x000000008c600000| Untracked 
| 137|0x000000008c700000, 0x000000008c700000, 0x000000008c800000|  0%| F|  |TAMS 0x000000008c700000, 0x000000008c700000| Untracked 
| 138|0x000000008c800000, 0x000000008c800000, 0x000000008c900000|  0%| F|  |TAMS 0x000000008c800000, 0x000000008c800000| Untracked 
| 139|0x000000008c900000, 0x000000008c900000, 0x000000008ca00000|  0%| F|  |TAMS 0x000000008c900000, 0x000000008c900000| Untracked 
| 140|0x000000008ca00000, 0x000000008ca00000, 0x000000008cb00000|  0%| F|  |TAMS 0x000000008ca00000, 0x000000008ca00000| Untracked 
| 141|0x000000008cb00000, 0x000000008cbd1298, 0x000000008cc00000| 81%| S|CS|TAMS 0x000000008cb00000, 0x000000008cb00000| Complete 
| 142|0x000000008cc00000, 0x000000008cc00000, 0x000000008cd00000|  0%| F|  |TAMS 0x000000008cc00000, 0x000000008cc00000| Untracked 
| 143|0x000000008cd00000, 0x000000008cd00000, 0x000000008ce00000|  0%| F|  |TAMS 0x000000008cd00000, 0x000000008cd00000| Untracked 

Card table byte_map: [0x0000017e1d060000,0x0000017e1d450000] _byte_map_base: 0x0000017e1cc41000

Marking Bits (Prev, Next): (CMBitMap*) 0x0000017e120f3400, (CMBitMap*) 0x0000017e120f3440
 Prev Bits: [0x0000017e1d840000, 0x0000017e1f748000)
 Next Bits: [0x0000017e1f750000, 0x0000017e21658000)

Polling page: 0x0000017e0ff60000

Metaspace:

Usage:
  Non-class:     67.84 MB used.
      Class:     11.80 MB used.
       Both:     79.64 MB used.

Virtual space:
  Non-class space:      128.00 MB reserved,      68.19 MB ( 53%) committed,  2 nodes.
      Class space:        1.00 GB reserved,      12.12 MB (  1%) committed,  1 nodes.
             Both:        1.12 GB reserved,      80.31 MB (  7%) committed. 

Chunk freelists:
   Non-Class:  11.61 MB
       Class:  3.94 MB
        Both:  15.54 MB

MaxMetaspaceSize: unlimited
CompressedClassSpaceSize: 1.00 GB
Initial GC threshold: 21.00 MB
Current GC threshold: 133.69 MB
CDS: on
MetaspaceReclaimPolicy: balanced
 - commit_granule_bytes: 65536.
 - commit_granule_words: 8192.
 - virtual_space_node_default_size: 8388608.
 - enlarge_chunks_in_place: 1.
 - new_chunks_are_fully_committed: 0.
 - uncommit_free_chunks: 1.
 - use_allocation_guard: 0.
 - handle_deallocations: 1.


Internal statistics:

num_allocs_failed_limit: 11.
num_arena_births: 942.
num_arena_deaths: 0.
num_vsnodes_births: 3.
num_vsnodes_deaths: 0.
num_space_committed: 1285.
num_space_uncommitted: 0.
num_chunks_returned_to_freelist: 11.
num_chunks_taken_from_freelist: 3854.
num_chunk_merges: 11.
num_chunk_splits: 2843.
num_chunks_enlarged: 2213.
num_inconsistent_stats: 0.

CodeCache: size=49152Kb used=18825Kb max_used=18825Kb free=30326Kb
 bounds [0x0000017e19b60000, 0x0000017e1add0000, 0x0000017e1cb60000]
 total_blobs=10834 nmethods=10087 adapters=668
 compilation: enabled
              stopped_count=0, restarted_count=0
 full_count=0

Compilation events (20 events):
Event: 23.544 Thread 0x0000017e243a4f80 10081       1       org.springframework.data.jpa.repository.query.HqlQueryRenderer::visitSimplePathElement (6 bytes)
Event: 23.544 Thread 0x0000017e243a4f80 nmethod 10081 0x0000017e1adbef90 code [0x0000017e1adbf120, 0x0000017e1adbf208]
Event: 23.544 Thread 0x0000017e243a4f80 10082       1       org.springframework.data.jpa.repository.query.HqlQueryRenderer::visitSimplePathElement (38 bytes)
Event: 23.544 Thread 0x0000017e23c86590 nmethod 10080 0x0000017e1adbf290 code [0x0000017e1adbf440, 0x0000017e1adbf678]
Event: 23.544 Thread 0x0000017e23c86590 10083       1       org.springframework.data.jpa.repository.query.HqlParser$SimplePathElementContext::identifier (11 bytes)
Event: 23.544 Thread 0x0000017e243a54d0 nmethod 10079 0x0000017e1adbf790 code [0x0000017e1adbf960, 0x0000017e1adbfb78]
Event: 23.545 Thread 0x0000017e243a7a00 nmethod 10078 0x0000017e1adbfd10 code [0x0000017e1adbfee0, 0x0000017e1adc0158]
Event: 23.545 Thread 0x0000017e23c86590 nmethod 10083 0x0000017e1adc0310 code [0x0000017e1adc04c0, 0x0000017e1adc0628]
Event: 23.545 Thread 0x0000017e243a4f80 nmethod 10082 0x0000017e1adc0710 code [0x0000017e1adc0920, 0x0000017e1adc0e48]
Event: 23.545 Thread 0x0000017e23c86590 10084       1       org.hibernate.query.hql.internal.SemanticQueryBuilder::getProcessingStateStack (5 bytes)
Event: 23.545 Thread 0x0000017e23c86590 nmethod 10084 0x0000017e1adc1110 code [0x0000017e1adc12a0, 0x0000017e1adc1378]
Event: 23.545 Thread 0x0000017e23c86590 10085       1       org.hibernate.query.sqm.tree.expression.AbstractSqmExpression::nodeBuilder (8 bytes)
Event: 23.545 Thread 0x0000017e23c86590 nmethod 10085 0x0000017e1adc1410 code [0x0000017e1adc15a0, 0x0000017e1adc1698]
Event: 23.561 Thread 0x0000017e23c86590 10086       1       org.antlr.v4.runtime.misc.FlexibleHashMap::<init> (60 bytes)
Event: 23.561 Thread 0x0000017e23c86590 nmethod 10086 0x0000017e1adc1710 code [0x0000017e1adc18e0, 0x0000017e1adc1b88]
Event: 23.562 Thread 0x0000017e23c86590 10087       1       org.hibernate.internal.AbstractSharedSessionContract::getEventManager (8 bytes)
Event: 23.562 Thread 0x0000017e23c86590 nmethod 10087 0x0000017e1adc1c90 code [0x0000017e1adc1e20, 0x0000017e1adc1ef8]
Event: 23.568 Thread 0x0000017e243a54d0 10088       1       org.antlr.v4.runtime.atn.PredictionMode::allConfigsInRuleStopStates (41 bytes)
Event: 23.569 Thread 0x0000017e243a54d0 nmethod 10088 0x0000017e1adc1f90 code [0x0000017e1adc2140, 0x0000017e1adc23e8]
Event: 23.577 Thread 0x0000017e243a4f80 10089       1       org.antlr.v4.runtime.atn.PredictionMode::hasSLLConflictTerminatingPrediction (109 bytes)

GC Heap History (20 events):
Event: 14.945 GC heap after
{Heap after GC invocations=14 (full 0):
 garbage-first heap   total 126976K, used 58682K [0x0000000083e00000, 0x0000000100000000)
  region size 1024K, 6 young (6144K), 6 survivors (6144K)
 Metaspace       used 54838K, committed 55360K, reserved 1114112K
  class space    used 7523K, committed 7808K, reserved 1048576K
}
Event: 15.669 GC heap before
{Heap before GC invocations=14 (full 0):
 garbage-first heap   total 126976K, used 90426K [0x0000000083e00000, 0x0000000100000000)
  region size 1024K, 38 young (38912K), 6 survivors (6144K)
 Metaspace       used 60000K, committed 60480K, reserved 1114112K
  class space    used 8412K, committed 8640K, reserved 1048576K
}
Event: 15.675 GC heap after
{Heap after GC invocations=15 (full 0):
 garbage-first heap   total 126976K, used 61224K [0x0000000083e00000, 0x0000000100000000)
  region size 1024K, 5 young (5120K), 5 survivors (5120K)
 Metaspace       used 60000K, committed 60480K, reserved 1114112K
  class space    used 8412K, committed 8640K, reserved 1048576K
}
Event: 16.318 GC heap before
{Heap before GC invocations=16 (full 0):
 garbage-first heap   total 126976K, used 101160K [0x0000000083e00000, 0x0000000100000000)
  region size 1024K, 44 young (45056K), 5 survivors (5120K)
 Metaspace       used 67116K, committed 67648K, reserved 1114112K
  class space    used 9691K, committed 9920K, reserved 1048576K
}
Event: 16.323 GC heap after
{Heap after GC invocations=17 (full 0):
 garbage-first heap   total 126976K, used 62631K [0x0000000083e00000, 0x0000000100000000)
  region size 1024K, 4 young (4096K), 4 survivors (4096K)
 Metaspace       used 67116K, committed 67648K, reserved 1114112K
  class space    used 9691K, committed 9920K, reserved 1048576K
}
Event: 16.687 GC heap before
{Heap before GC invocations=17 (full 0):
 garbage-first heap   total 126976K, used 103591K [0x0000000083e00000, 0x0000000100000000)
  region size 1024K, 44 young (45056K), 4 survivors (4096K)
 Metaspace       used 68767K, committed 69376K, reserved 1114112K
  class space    used 9965K, committed 10240K, reserved 1048576K
}
Event: 16.692 GC heap after
{Heap after GC invocations=18 (full 0):
 garbage-first heap   total 126976K, used 63333K [0x0000000083e00000, 0x0000000100000000)
  region size 1024K, 3 young (3072K), 3 survivors (3072K)
 Metaspace       used 68767K, committed 69376K, reserved 1114112K
  class space    used 9965K, committed 10240K, reserved 1048576K
}
Event: 17.131 GC heap before
{Heap before GC invocations=19 (full 0):
 garbage-first heap   total 126976K, used 103269K [0x0000000083e00000, 0x0000000100000000)
  region size 1024K, 42 young (43008K), 3 survivors (3072K)
 Metaspace       used 71665K, committed 72256K, reserved 1114112K
  class space    used 10432K, committed 10688K, reserved 1048576K
}
Event: 17.135 GC heap after
{Heap after GC invocations=20 (full 0):
 garbage-first heap   total 126976K, used 65369K [0x0000000083e00000, 0x0000000100000000)
  region size 1024K, 5 young (5120K), 5 survivors (5120K)
 Metaspace       used 71665K, committed 72256K, reserved 1114112K
  class space    used 10432K, committed 10688K, reserved 1048576K
}
Event: 22.645 GC heap before
{Heap before GC invocations=20 (full 0):
 garbage-first heap   total 126976K, used 103257K [0x0000000083e00000, 0x0000000100000000)
  region size 1024K, 42 young (43008K), 5 survivors (5120K)
 Metaspace       used 74998K, committed 75584K, reserved 1114112K
  class space    used 10856K, committed 11136K, reserved 1048576K
}
Event: 22.653 GC heap after
{Heap after GC invocations=21 (full 0):
 garbage-first heap   total 126976K, used 68067K [0x0000000083e00000, 0x0000000100000000)
  region size 1024K, 6 young (6144K), 6 survivors (6144K)
 Metaspace       used 74998K, committed 75584K, reserved 1114112K
  class space    used 10856K, committed 11136K, reserved 1048576K
}
Event: 23.072 GC heap before
{Heap before GC invocations=22 (full 0):
 garbage-first heap   total 126976K, used 102883K [0x0000000083e00000, 0x0000000100000000)
  region size 1024K, 41 young (41984K), 6 survivors (6144K)
 Metaspace       used 78694K, committed 79296K, reserved 1179648K
  class space    used 11644K, committed 11904K, reserved 1048576K
}
Event: 23.079 GC heap after
{Heap after GC invocations=23 (full 0):
 garbage-first heap   total 126976K, used 71327K [0x0000000083e00000, 0x0000000100000000)
  region size 1024K, 6 young (6144K), 6 survivors (6144K)
 Metaspace       used 78694K, committed 79296K, reserved 1179648K
  class space    used 11644K, committed 11904K, reserved 1048576K
}
Event: 23.083 GC heap before
{Heap before GC invocations=23 (full 0):
 garbage-first heap   total 126976K, used 72351K [0x0000000083e00000, 0x0000000100000000)
  region size 1024K, 7 young (7168K), 6 survivors (6144K)
 Metaspace       used 78700K, committed 79296K, reserved 1179648K
  class space    used 11644K, committed 11904K, reserved 1048576K
}
Event: 23.088 GC heap after
{Heap after GC invocations=24 (full 0):
 garbage-first heap   total 126976K, used 71758K [0x0000000083e00000, 0x0000000100000000)
  region size 1024K, 1 young (1024K), 1 survivors (1024K)
 Metaspace       used 78700K, committed 79296K, reserved 1179648K
  class space    used 11644K, committed 11904K, reserved 1048576K
}
Event: 23.445 GC heap before
{Heap before GC invocations=24 (full 0):
 garbage-first heap   total 126976K, used 104526K [0x0000000083e00000, 0x0000000100000000)
  region size 1024K, 33 young (33792K), 1 survivors (1024K)
 Metaspace       used 81411K, committed 82048K, reserved 1179648K
  class space    used 12042K, committed 12352K, reserved 1048576K
}
Event: 23.448 GC heap after
{Heap after GC invocations=25 (full 0):
 garbage-first heap   total 126976K, used 73317K [0x0000000083e00000, 0x0000000100000000)
  region size 1024K, 3 young (3072K), 3 survivors (3072K)
 Metaspace       used 81411K, committed 82048K, reserved 1179648K
  class space    used 12042K, committed 12352K, reserved 1048576K
}
Event: 23.570 GC heap before
{Heap before GC invocations=26 (full 0):
 garbage-first heap   total 147456K, used 105061K [0x0000000083e00000, 0x0000000100000000)
  region size 1024K, 34 young (34816K), 3 survivors (3072K)
 Metaspace       used 81548K, committed 82240K, reserved 1179648K
  class space    used 12083K, committed 12416K, reserved 1048576K
}
Event: 23.574 GC heap after
{Heap after GC invocations=27 (full 0):
 garbage-first heap   total 147456K, used 75668K [0x0000000083e00000, 0x0000000100000000)
  region size 1024K, 5 young (5120K), 5 survivors (5120K)
 Metaspace       used 81548K, committed 82240K, reserved 1179648K
  class space    used 12083K, committed 12416K, reserved 1048576K
}
Event: 23.578 GC heap before
{Heap before GC invocations=27 (full 0):
 garbage-first heap   total 147456K, used 77716K [0x0000000083e00000, 0x0000000100000000)
  region size 1024K, 7 young (7168K), 5 survivors (5120K)
 Metaspace       used 81548K, committed 82240K, reserved 1179648K
  class space    used 12083K, committed 12416K, reserved 1048576K
}

Dll operation events (14 events):
Event: 0.014 Loaded shared library C:\Program Files\Microsoft\jdk-17.0.8.7-hotspot\bin\java.dll
Event: 0.037 Loaded shared library C:\Program Files\Microsoft\jdk-17.0.8.7-hotspot\bin\jsvml.dll
Event: 0.266 Loaded shared library C:\Program Files\Microsoft\jdk-17.0.8.7-hotspot\bin\zip.dll
Event: 0.269 Loaded shared library C:\Program Files\Microsoft\jdk-17.0.8.7-hotspot\bin\instrument.dll
Event: 0.275 Loaded shared library C:\Program Files\Microsoft\jdk-17.0.8.7-hotspot\bin\net.dll
Event: 0.276 Loaded shared library C:\Program Files\Microsoft\jdk-17.0.8.7-hotspot\bin\nio.dll
Event: 0.279 Loaded shared library C:\Program Files\Microsoft\jdk-17.0.8.7-hotspot\bin\zip.dll
Event: 0.933 Loaded shared library F:\InTellij\IntelliJ IDEA 2024.1.4\bin\breakgen64.dll
Event: 0.940 Loaded shared library C:\Program Files\Microsoft\jdk-17.0.8.7-hotspot\bin\jimage.dll
Event: 0.973 Loaded shared library C:\Program Files\Microsoft\jdk-17.0.8.7-hotspot\bin\management.dll
Event: 0.986 Loaded shared library C:\Program Files\Microsoft\jdk-17.0.8.7-hotspot\bin\management_ext.dll
Event: 1.338 Loaded shared library C:\Program Files\Microsoft\jdk-17.0.8.7-hotspot\bin\verify.dll
Event: 3.128 Loaded shared library C:\Program Files\Microsoft\jdk-17.0.8.7-hotspot\bin\sunmscapi.dll
Event: 8.044 Loaded shared library F:\HK1\LTWeb\TOMCAT\apache-tomcat-9.0.65-windows-x64\apache-tomcat-9.0.65\bin\tcnative-1.dll

Deoptimization events (16 events):
Event: 1.390 Thread 0x0000017e12097570 DEOPT PACKING pc=0x0000017e19e2a0dd sp=0x00000060eb2fc7e0
Event: 1.390 Thread 0x0000017e12097570 DEOPT UNPACKING pc=0x0000017e19bbace3 sp=0x00000060eb2fbd48 mode 3
Event: 2.364 Thread 0x0000017e6a946480 DEOPT PACKING pc=0x0000017e1a18fc99 sp=0x00000060ed0fced0
Event: 2.364 Thread 0x0000017e6a946480 DEOPT UNPACKING pc=0x0000017e19bbace3 sp=0x00000060ed0fc3b0 mode 3
Event: 2.665 Thread 0x0000017e6a946480 DEOPT PACKING pc=0x0000017e1a2118d5 sp=0x00000060ed0fcc10
Event: 2.665 Thread 0x0000017e6a946480 DEOPT UNPACKING pc=0x0000017e19bbace3 sp=0x00000060ed0fc0b8 mode 3
Event: 4.018 Thread 0x0000017e6a946480 DEOPT PACKING pc=0x0000017e1a38866c sp=0x00000060ed0fdbb0
Event: 4.018 Thread 0x0000017e6a946480 DEOPT UNPACKING pc=0x0000017e19bbace3 sp=0x00000060ed0fd050 mode 0
Event: 7.108 Thread 0x0000017e6a946480 DEOPT PACKING pc=0x0000017e1a573e19 sp=0x00000060ed0fc190
Event: 7.108 Thread 0x0000017e6a946480 DEOPT UNPACKING pc=0x0000017e19bbace3 sp=0x00000060ed0fb670 mode 3
Event: 17.139 Thread 0x0000017e6a946480 DEOPT PACKING pc=0x0000017e1ab2caf4 sp=0x00000060ed0f8a60
Event: 17.139 Thread 0x0000017e6a946480 DEOPT UNPACKING pc=0x0000017e19bbace3 sp=0x00000060ed0f7fe8 mode 0
Event: 22.571 Thread 0x0000017e6a946480 DEOPT PACKING pc=0x0000017e1a1a83a4 sp=0x00000060ed0fa690
Event: 22.571 Thread 0x0000017e6a946480 DEOPT UNPACKING pc=0x0000017e19bbace3 sp=0x00000060ed0f9be8 mode 0
Event: 23.342 Thread 0x0000017e6a946480 DEOPT PACKING pc=0x0000017e1a1e60a2 sp=0x00000060ed0fc070
Event: 23.342 Thread 0x0000017e6a946480 DEOPT UNPACKING pc=0x0000017e19bbace3 sp=0x00000060ed0fb578 mode 3

Classes unloaded (0 events):
No events

Classes redefined (0 events):
No events

Internal exceptions (20 events):
Event: 23.203 Thread 0x0000017e6a946480 Exception <a 'java/lang/reflect/InvocationTargetException'{0x000000008b0d9348}> (0x000000008b0d9348) 
thrown [s\src\hotspot\share\runtime\reflection.cpp, line 1121]
Event: 23.209 Thread 0x0000017e6a946480 Exception <a 'java/lang/NoSuchMethodError'{0x000000008af30768}: 'int java.lang.invoke.DirectMethodHandle$Holder.invokeStatic(java.lang.Object, java.lang.Object, int)'> (0x000000008af30768) 
thrown [s\src\hotspot\share\interpreter\linkResolver.cpp, line 759]
Event: 23.214 Thread 0x0000017e6a946480 Exception <a 'java/lang/IncompatibleClassChangeError'{0x000000008af75518}: Found class java.lang.Object, but interface was expected> (0x000000008af75518) 
thrown [s\src\hotspot\share\interpreter\linkResolver.cpp, line 826]
Event: 23.224 Thread 0x0000017e6a946480 Exception <a 'java/lang/NoSuchMethodError'{0x000000008aff6b40}: 'java.lang.Object java.lang.invoke.DirectMethodHandle$Holder.invokeStatic(java.lang.Object, int, java.lang.Object)'> (0x000000008aff6b40) 
thrown [s\src\hotspot\share\interpreter\linkResolver.cpp, line 759]
Event: 23.226 Thread 0x0000017e6a946480 Exception <a 'java/lang/reflect/InvocationTargetException'{0x000000008ae1fb88}> (0x000000008ae1fb88) 
thrown [s\src\hotspot\share\runtime\reflection.cpp, line 1121]
Event: 23.227 Thread 0x0000017e6a946480 Exception <a 'java/lang/reflect/InvocationTargetException'{0x000000008ae2a7d0}> (0x000000008ae2a7d0) 
thrown [s\src\hotspot\share\runtime\reflection.cpp, line 1121]
Event: 23.228 Thread 0x0000017e6a946480 Exception <a 'java/lang/reflect/InvocationTargetException'{0x000000008ae407b8}> (0x000000008ae407b8) 
thrown [s\src\hotspot\share\runtime\reflection.cpp, line 1121]
Event: 23.231 Thread 0x0000017e6a946480 Exception <a 'java/lang/reflect/InvocationTargetException'{0x000000008ae58f50}> (0x000000008ae58f50) 
thrown [s\src\hotspot\share\runtime\reflection.cpp, line 1121]
Event: 23.235 Thread 0x0000017e6a946480 Exception <a 'java/lang/reflect/InvocationTargetException'{0x000000008ae83240}> (0x000000008ae83240) 
thrown [s\src\hotspot\share\runtime\reflection.cpp, line 1121]
Event: 23.260 Thread 0x0000017e6a946480 Exception <a 'java/lang/NoSuchMethodError'{0x000000008a73b500}: 'java.lang.Object java.lang.invoke.DirectMethodHandle$Holder.invokeInterface(java.lang.Object, java.lang.Object, int)'> (0x000000008a73b500) 
thrown [s\src\hotspot\share\interpreter\linkResolver.cpp, line 759]
Event: 23.266 Thread 0x0000017e6a946480 Exception <a 'java/lang/reflect/InvocationTargetException'{0x000000008a7f0f48}> (0x000000008a7f0f48) 
thrown [s\src\hotspot\share\runtime\reflection.cpp, line 1121]
Event: 23.275 Thread 0x0000017e6a946480 Exception <a 'java/lang/reflect/InvocationTargetException'{0x000000008a5da1f0}> (0x000000008a5da1f0) 
thrown [s\src\hotspot\share\runtime\reflection.cpp, line 1121]
Event: 23.278 Thread 0x0000017e6a946480 Exception <a 'java/lang/reflect/InvocationTargetException'{0x000000008a5f1078}> (0x000000008a5f1078) 
thrown [s\src\hotspot\share\runtime\reflection.cpp, line 1121]
Event: 23.279 Thread 0x0000017e6a946480 Exception <a 'java/lang/reflect/InvocationTargetException'{0x000000008a440320}> (0x000000008a440320) 
thrown [s\src\hotspot\share\runtime\reflection.cpp, line 1121]
Event: 23.281 Thread 0x0000017e6a946480 Exception <a 'java/lang/reflect/InvocationTargetException'{0x000000008a4553f0}> (0x000000008a4553f0) 
thrown [s\src\hotspot\share\runtime\reflection.cpp, line 1121]
Event: 23.284 Thread 0x0000017e6a946480 Exception <a 'java/lang/reflect/InvocationTargetException'{0x000000008a474740}> (0x000000008a474740) 
thrown [s\src\hotspot\share\runtime\reflection.cpp, line 1121]
Event: 23.321 Thread 0x0000017e6a946480 Exception <a 'java/lang/reflect/InvocationTargetException'{0x000000008a054280}> (0x000000008a054280) 
thrown [s\src\hotspot\share\runtime\reflection.cpp, line 1121]
Event: 23.324 Thread 0x0000017e6a946480 Exception <a 'java/lang/reflect/InvocationTargetException'{0x000000008a06eb78}> (0x000000008a06eb78) 
thrown [s\src\hotspot\share\runtime\reflection.cpp, line 1121]
Event: 23.402 Thread 0x0000017e6a946480 Exception <a 'java/lang/NoSuchMethodError'{0x0000000089b65928}: 'long java.lang.invoke.DirectMethodHandle$Holder.invokeVirtual(java.lang.Object, java.lang.Object)'> (0x0000000089b65928) 
thrown [s\src\hotspot\share\interpreter\linkResolver.cpp, line 759]
Event: 23.407 Thread 0x0000017e6a946480 Exception <a 'java/io/FileNotFoundException'{0x0000000089b95ce8}> (0x0000000089b95ce8) 
thrown [s\src\hotspot\share\prims\jni.cpp, line 516]

VM Operations (20 events):
Event: 23.137 Executing VM operation: HandshakeAllThreads done
Event: 23.171 Executing VM operation: HandshakeAllThreads
Event: 23.171 Executing VM operation: HandshakeAllThreads done
Event: 23.365 Executing VM operation: HandshakeAllThreads
Event: 23.365 Executing VM operation: HandshakeAllThreads done
Event: 23.366 Executing VM operation: HandshakeAllThreads
Event: 23.366 Executing VM operation: HandshakeAllThreads done
Event: 23.413 Executing VM operation: HandshakeAllThreads
Event: 23.413 Executing VM operation: HandshakeAllThreads done
Event: 23.413 Executing VM operation: HandshakeAllThreads
Event: 23.413 Executing VM operation: HandshakeAllThreads done
Event: 23.445 Executing VM operation: G1CollectForAllocation
Event: 23.448 Executing VM operation: G1CollectForAllocation done
Event: 23.498 Executing VM operation: G1PauseRemark
Event: 23.505 Executing VM operation: G1PauseRemark done
Event: 23.531 Executing VM operation: G1PauseCleanup
Event: 23.532 Executing VM operation: G1PauseCleanup done
Event: 23.570 Executing VM operation: G1CollectForAllocation
Event: 23.574 Executing VM operation: G1CollectForAllocation done
Event: 23.578 Executing VM operation: G1CollectForAllocation

Events (20 events):
Event: 23.258 loading class java/util/stream/Streams$RangeIntSpliterator
Event: 23.259 loading class java/util/stream/Streams$RangeIntSpliterator done
Event: 23.259 loading class java/util/stream/IntPipeline$1
Event: 23.259 loading class java/util/stream/IntPipeline$1 done
Event: 23.260 loading class java/util/stream/IntPipeline$1$1
Event: 23.260 loading class java/util/stream/IntPipeline$1$1 done
Event: 23.275 Thread 0x0000017e6dbb8ba0 Thread added: 0x0000017e6dbb8ba0
Event: 23.279 Thread 0x0000017e6dbb8ba0 Thread exited: 0x0000017e6dbb8ba0
Event: 23.374 loading class java/util/stream/SortedOps$SizedRefSortingSink
Event: 23.374 loading class java/util/stream/SortedOps$SizedRefSortingSink done
Event: 23.388 loading class javax/net/ssl/SSLException
Event: 23.388 loading class javax/net/ssl/SSLException done
Event: 23.402 loading class java/nio/channels/CompletionHandler
Event: 23.402 loading class java/nio/channels/CompletionHandler done
Event: 23.417 Thread 0x0000017e6dbb7c70 Thread added: 0x0000017e6dbb7c70
Event: 23.421 Thread 0x0000017e6dbb6830 Thread added: 0x0000017e6dbb6830
Event: 23.422 Thread 0x0000017e6dbb9ad0 Thread added: 0x0000017e6dbb9ad0
Event: 23.429 Thread 0x0000017e6dbb9fe0 Thread added: 0x0000017e6dbb9fe0
Event: 23.523 loading class java/lang/invoke/MethodHandleImpl$CountingWrapper$1
Event: 23.524 loading class java/lang/invoke/MethodHandleImpl$CountingWrapper$1 done


Dynamic libraries:
0x00007ff6b92c0000 - 0x00007ff6b92ce000 	C:\Program Files\Microsoft\jdk-17.0.8.7-hotspot\bin\java.exe
0x00007ffbbaac0000 - 0x00007ffbbad26000 	C:\WINDOWS\SYSTEM32\ntdll.dll
0x00007ffbb8990000 - 0x00007ffbb8a59000 	C:\WINDOWS\System32\KERNEL32.DLL
0x00007ffbb7eb0000 - 0x00007ffbb827c000 	C:\WINDOWS\System32\KERNELBASE.dll
0x00007ffbb8280000 - 0x00007ffbb83cb000 	C:\WINDOWS\System32\ucrtbase.dll
0x00007ffb9a530000 - 0x00007ffb9a54b000 	C:\Program Files\Microsoft\jdk-17.0.8.7-hotspot\bin\VCRUNTIME140.dll
0x00007ffb85260000 - 0x00007ffb85277000 	C:\Program Files\Microsoft\jdk-17.0.8.7-hotspot\bin\jli.dll
0x00007ffbb8b60000 - 0x00007ffbb8d2a000 	C:\WINDOWS\System32\USER32.dll
0x00007ffb976c0000 - 0x00007ffb9795a000 	C:\WINDOWS\WinSxS\amd64_microsoft.windows.common-controls_6595b64144ccf1df_6.0.26100.3912_none_3e07963ce335137e\COMCTL32.dll
0x00007ffbb7c50000 - 0x00007ffbb7c77000 	C:\WINDOWS\System32\win32u.dll
0x00007ffbb9cc0000 - 0x00007ffbb9d69000 	C:\WINDOWS\System32\msvcrt.dll
0x00007ffbbaa50000 - 0x00007ffbbaa7b000 	C:\WINDOWS\System32\GDI32.dll
0x00007ffbb8470000 - 0x00007ffbb85a2000 	C:\WINDOWS\System32\gdi32full.dll
0x00007ffbb7e00000 - 0x00007ffbb7ea3000 	C:\WINDOWS\System32\msvcp_win.dll
0x00007ffbba6b0000 - 0x00007ffbba6e0000 	C:\WINDOWS\System32\IMM32.DLL
0x00007ffb85250000 - 0x00007ffb8525c000 	C:\Program Files\Microsoft\jdk-17.0.8.7-hotspot\bin\vcruntime140_1.dll
0x00007ffb5efc0000 - 0x00007ffb5f04d000 	C:\Program Files\Microsoft\jdk-17.0.8.7-hotspot\bin\msvcp140.dll
0x00007ffb2a910000 - 0x00007ffb2b575000 	C:\Program Files\Microsoft\jdk-17.0.8.7-hotspot\bin\server\jvm.dll
0x00007ffbba6f0000 - 0x00007ffbba7a2000 	C:\WINDOWS\System32\ADVAPI32.dll
0x00007ffbba600000 - 0x00007ffbba6a6000 	C:\WINDOWS\System32\sechost.dll
0x00007ffbb9fb0000 - 0x00007ffbba0c6000 	C:\WINDOWS\System32\RPCRT4.dll
0x00007ffbb2710000 - 0x00007ffbb271a000 	C:\WINDOWS\SYSTEM32\WSOCK32.dll
0x00007ffbb7520000 - 0x00007ffbb757e000 	C:\WINDOWS\SYSTEM32\POWRPROF.dll
0x00007ffb9cee0000 - 0x00007ffb9cf16000 	C:\WINDOWS\SYSTEM32\WINMM.dll
0x00007ffbb8d30000 - 0x00007ffbb8da4000 	C:\WINDOWS\System32\WS2_32.dll
0x00007ffba5b80000 - 0x00007ffba5b8b000 	C:\WINDOWS\SYSTEM32\VERSION.dll
0x00007ffbb74c0000 - 0x00007ffbb74d4000 	C:\WINDOWS\SYSTEM32\UMPDC.dll
0x00007ffbb6a10000 - 0x00007ffbb6a2a000 	C:\WINDOWS\SYSTEM32\kernel.appcore.dll
0x00007ffb85240000 - 0x00007ffb8524a000 	C:\Program Files\Microsoft\jdk-17.0.8.7-hotspot\bin\jimage.dll
0x00007ffbb53b0000 - 0x00007ffbb55f1000 	C:\WINDOWS\SYSTEM32\DBGHELP.DLL
0x00007ffbb9010000 - 0x00007ffbb9394000 	C:\WINDOWS\System32\combase.dll
0x00007ffbb8a60000 - 0x00007ffbb8b40000 	C:\WINDOWS\System32\OLEAUT32.dll
0x00007ffb95d40000 - 0x00007ffb95d79000 	C:\WINDOWS\SYSTEM32\dbgcore.DLL
0x00007ffbb83d0000 - 0x00007ffbb8469000 	C:\WINDOWS\System32\bcryptPrimitives.dll
0x00007ffb756e0000 - 0x00007ffb756ee000 	C:\Program Files\Microsoft\jdk-17.0.8.7-hotspot\bin\instrument.dll
0x00007ffb83b70000 - 0x00007ffb83b95000 	C:\Program Files\Microsoft\jdk-17.0.8.7-hotspot\bin\java.dll
0x00007ffb5e270000 - 0x00007ffb5e347000 	C:\Program Files\Microsoft\jdk-17.0.8.7-hotspot\bin\jsvml.dll
0x00007ffbb93a0000 - 0x00007ffbb9acd000 	C:\WINDOWS\System32\SHELL32.dll
0x00007ffbb7c80000 - 0x00007ffbb7df4000 	C:\WINDOWS\System32\wintypes.dll
0x00007ffbb58c0000 - 0x00007ffbb6116000 	C:\WINDOWS\SYSTEM32\windows.storage.dll
0x00007ffbba950000 - 0x00007ffbbaa3f000 	C:\WINDOWS\System32\SHCORE.dll
0x00007ffbb9d70000 - 0x00007ffbb9dd9000 	C:\WINDOWS\System32\shlwapi.dll
0x00007ffbb7b60000 - 0x00007ffbb7b8f000 	C:\WINDOWS\SYSTEM32\profapi.dll
0x00007ffb74a80000 - 0x00007ffb74a98000 	C:\Program Files\Microsoft\jdk-17.0.8.7-hotspot\bin\zip.dll
0x00007ffb81a40000 - 0x00007ffb81a59000 	C:\Program Files\Microsoft\jdk-17.0.8.7-hotspot\bin\net.dll
0x00007ffba8c70000 - 0x00007ffba8d8e000 	C:\WINDOWS\SYSTEM32\WINHTTP.dll
0x00007ffbb6f80000 - 0x00007ffbb6fea000 	C:\WINDOWS\system32\mswsock.dll
0x00007ffb80360000 - 0x00007ffb80376000 	C:\Program Files\Microsoft\jdk-17.0.8.7-hotspot\bin\nio.dll
0x00007ffb3d9c0000 - 0x00007ffb3d9da000 	F:\InTellij\IntelliJ IDEA 2024.1.4\bin\breakgen64.dll
0x00007ffbb6520000 - 0x00007ffbb6647000 	C:\WINDOWS\SYSTEM32\DNSAPI.dll
0x00007ffbb6480000 - 0x00007ffbb64b3000 	C:\WINDOWS\SYSTEM32\IPHLPAPI.DLL
0x00007ffbb9cb0000 - 0x00007ffbb9cba000 	C:\WINDOWS\System32\NSI.dll
0x00007ffba6f40000 - 0x00007ffba6f4b000 	C:\Windows\System32\rasadhlp.dll
0x00007ffbaf220000 - 0x00007ffbaf2a6000 	C:\WINDOWS\System32\fwpuclnt.dll
0x00007ffb7b660000 - 0x00007ffb7b669000 	C:\Program Files\Microsoft\jdk-17.0.8.7-hotspot\bin\management.dll
0x00007ffb759f0000 - 0x00007ffb759fb000 	C:\Program Files\Microsoft\jdk-17.0.8.7-hotspot\bin\management_ext.dll
0x00007ffbb8b50000 - 0x00007ffbb8b58000 	C:\WINDOWS\System32\PSAPI.DLL
0x00007ffbb7220000 - 0x00007ffbb723c000 	C:\WINDOWS\SYSTEM32\CRYPTSP.dll
0x00007ffbb6970000 - 0x00007ffbb69aa000 	C:\WINDOWS\system32\rsaenh.dll
0x00007ffbb7020000 - 0x00007ffbb704b000 	C:\WINDOWS\SYSTEM32\USERENV.dll
0x00007ffbb7b30000 - 0x00007ffbb7b56000 	C:\WINDOWS\SYSTEM32\bcrypt.dll
0x00007ffbb7240000 - 0x00007ffbb724c000 	C:\WINDOWS\SYSTEM32\CRYPTBASE.dll
0x00007ffbad360000 - 0x00007ffbad37f000 	C:\WINDOWS\SYSTEM32\dhcpcsvc6.DLL
0x00007ffbad470000 - 0x00007ffbad495000 	C:\WINDOWS\SYSTEM32\dhcpcsvc.DLL
0x00007ffb90500000 - 0x00007ffb90518000 	C:\WINDOWS\system32\napinsp.dll
0x00007ffb904d0000 - 0x00007ffb904e2000 	C:\WINDOWS\System32\winrnr.dll
0x00007ffb90490000 - 0x00007ffb904c0000 	C:\WINDOWS\system32\nlansp_c.dll
0x00007ffb8eca0000 - 0x00007ffb8ecc0000 	C:\WINDOWS\system32\wshbth.dll
0x00007ffb74a30000 - 0x00007ffb74a40000 	C:\Program Files\Microsoft\jdk-17.0.8.7-hotspot\bin\verify.dll
0x00007ffb755e0000 - 0x00007ffb755ee000 	C:\Program Files\Microsoft\jdk-17.0.8.7-hotspot\bin\sunmscapi.dll
0x00007ffbb8700000 - 0x00007ffbb8877000 	C:\WINDOWS\System32\CRYPT32.dll
0x00007ffbb74e0000 - 0x00007ffbb7510000 	C:\WINDOWS\SYSTEM32\ncrypt.dll
0x00007ffbb7470000 - 0x00007ffbb74af000 	C:\WINDOWS\SYSTEM32\NTASN1.dll
0x0000000180000000 - 0x0000000180288000 	F:\HK1\LTWeb\TOMCAT\apache-tomcat-9.0.65-windows-x64\apache-tomcat-9.0.65\bin\tcnative-1.dll

dbghelp: loaded successfully - version: 4.0.5 - missing functions: none
symbol engine: initialized successfully - sym options: 0x614 - pdb path: .;C:\Program Files\Microsoft\jdk-17.0.8.7-hotspot\bin;C:\WINDOWS\SYSTEM32;C:\WINDOWS\WinSxS\amd64_microsoft.windows.common-controls_6595b64144ccf1df_6.0.26100.3912_none_3e07963ce335137e;C:\Program Files\Microsoft\jdk-17.0.8.7-hotspot\bin\server;F:\InTellij\IntelliJ IDEA 2024.1.4\bin;F:\HK1\LTWeb\TOMCAT\apache-tomcat-9.0.65-windows-x64\apache-tomcat-9.0.65\bin

VM Arguments:
jvm_args: -XX:TieredStopAtLevel=1 -Dspring.output.ansi.enabled=always -Dcom.sun.management.jmxremote -Dspring.jmx.enabled=true -Dspring.liveBeansView.mbeanDomain -Dspring.application.admin.enabled=true -Dmanagement.endpoints.jmx.exposure.include=* -javaagent:F:\InTellij\IntelliJ IDEA 2024.1.4\lib\idea_rt.jar=60774:F:\InTellij\IntelliJ IDEA 2024.1.4\bin -Dfile.encoding=UTF-8 
java_command: com.hmdrinks.HmdrinksApplication
java_class_path (initial): F:\Nam_4\HMDrinks\hmdrinks_backend3\hmdrinks\target\classes;C:\Users\DIEM MY\.m2\repository\org\springframework\boot\spring-boot-starter-data-jpa\3.3.1\spring-boot-starter-data-jpa-3.3.1.jar;C:\Users\DIEM MY\.m2\repository\org\springframework\boot\spring-boot-starter-aop\3.3.1\spring-boot-starter-aop-3.3.1.jar;C:\Users\DIEM MY\.m2\repository\org\aspectj\aspectjweaver\1.9.22\aspectjweaver-1.9.22.jar;C:\Users\DIEM MY\.m2\repository\org\springframework\boot\spring-boot-starter-jdbc\3.3.1\spring-boot-starter-jdbc-3.3.1.jar;C:\Users\DIEM MY\.m2\repository\com\zaxxer\HikariCP\5.1.0\HikariCP-5.1.0.jar;C:\Users\DIEM MY\.m2\repository\org\springframework\spring-jdbc\6.1.10\spring-jdbc-6.1.10.jar;C:\Users\DIEM MY\.m2\repository\org\hibernate\orm\hibernate-core\6.5.2.Final\hibernate-core-6.5.2.Final.jar;C:\Users\DIEM MY\.m2\repository\jakarta\persistence\jakarta.persistence-api\3.1.0\jakarta.persistence-api-3.1.0.jar;C:\Users\DIEM MY\.m2\repository\jakarta\transaction\jakarta.transaction-api\2.0.1\jakarta.transaction-api-2.0.1.jar;C:\Users\DIEM MY\.m2\repository\org\hibernate\common\hibernate-commons-annotations\6.0.6.Final\hibernate-commons-annotations-6.0.6.Final.jar;C:\Users\DIEM MY\.m2\repository\io\smallrye\jandex\3.1.2\jandex-3.1.2.jar;C:\Users\DIEM MY\.m2\repository\net\bytebuddy\byte-buddy\1.14.17\byte-buddy-1.14.17.jar;C:\Users\DIEM MY\.m2\repository\jakarta\inject\jakarta.inject-api\2.0.1\jakarta.inject-api-2.0.1.jar;C:\Users\DIEM MY\.m2\repository\org\antlr\antlr4-runtime\4.13.0\antlr4-runtime-4.13.0.jar;C:\Users\DIEM MY\.m2\repository\org\springframework\data\spring-data-jpa\3.3.1\spring-data-jpa-3.3.1.jar;C:\Users\DIEM MY\.m2\repository\org\springframework\data\spring-data-commons\3.3.1\spring-data-commons-3.3.1.jar;C:\Users\DIEM MY\.m2\repository\org\springframework\spring-orm\6.1.10\spring-orm-6.1.10.jar;C:\Users\DIEM MY\.m2\repository\org\springframework\spring-context\6.1.10\spring-context-6.1.10.jar;C:\Users\DIEM MY\.m2\repository
Launcher Type: SUN_STANDARD

[Global flags]
     intx CICompilerCount                          = 4                                         {product} {ergonomic}
     uint ConcGCThreads                            = 2                                         {product} {ergonomic}
     uint G1ConcRefinementThreads                  = 8                                         {product} {ergonomic}
   size_t G1HeapRegionSize                         = 1048576                                   {product} {ergonomic}
    uintx GCDrainStackTargetSize                   = 64                                        {product} {ergonomic}
   size_t InitialHeapSize                          = 132120576                                 {product} {ergonomic}
     bool ManagementServer                         = true                                      {product} {command line}
   size_t MarkStackSize                            = 4194304                                   {product} {ergonomic}
   size_t MaxHeapSize                              = 2082471936                                {product} {ergonomic}
   size_t MaxNewSize                               = 1248854016                                {product} {ergonomic}
   size_t MinHeapDeltaBytes                        = 1048576                                   {product} {ergonomic}
   size_t MinHeapSize                              = 8388608                                   {product} {ergonomic}
    uintx NonProfiledCodeHeapSize                  = 0                                      {pd product} {ergonomic}
     bool ProfileInterpreter                       = false                                  {pd product} {command line}
    uintx ProfiledCodeHeapSize                     = 0                                      {pd product} {ergonomic}
   size_t SoftMaxHeapSize                          = 2082471936                             {manageable} {ergonomic}
     intx TieredStopAtLevel                        = 1                                         {product} {command line}
     bool UseCompressedClassPointers               = true                           {product lp64_product} {ergonomic}
     bool UseCompressedOops                        = true                           {product lp64_product} {ergonomic}
     bool UseG1GC                                  = true                                      {product} {ergonomic}
     bool UseLargePagesIndividualAllocation        = false                                  {pd product} {ergonomic}

Logging:
Log output configuration:
 #0: stdout all=warning uptime,level,tags
 #1: stderr all=off uptime,level,tags

Environment Variables:
JAVA_HOME=C:\Program Files\Microsoft\jdk-17.0.8.7-hotspot\
PATH=C:\Program Files\Microsoft\jdk-17.0.8.7-hotspot\bin;C:\Program Files\Microsoft MPI\Bin\;C:\Program Files\Common Files\Oracle\Java\javapath;C:\Program Files (x86)\Common Files\Oracle\Java\javapath;C:\windows\system32;C:\windows;C:\windows\System32\Wbem;C:\windows\System32\WindowsPowerShell\v1.0\;C:\windows\System32\OpenSSH\;C:\Program Files\Git\cmd;C:\Program Files\Azure Data Studio\bin;C:\WINDOWS\system32;C:\WINDOWS;C:\WINDOWS\System32\Wbem;C:\WINDOWS\System32\WindowsPowerShell\v1.0\;C:\WINDOWS\System32\OpenSSH\;F:\HK1\LTWeb\bin;F:\HK1\LTWeb\JDK\bin;%MAVEN_HOME\bin;%JAVA_HOME\bin;C:\Program Files\Java\jdk-17\bin;F:\HK1\LTWeb\TOMCAT\apache-tomcat-9.0.65-windows-x64\apache-tomcat-9.0.65\bin;F:\HK1\LTWeb\MAVEN\apache-maven-3.8.6-bin\apache-maven-3.8.6\bin;C:\Program Files\MySQL\MySQL Server 8.0\bin;%JAVA_HOME\lib\security\cacerts;C:\ProgramData\chocolatey\bin;C:\Program Files\nodejs\;C:\WINDOWS\system32\config\systemprofile\AppData\Local\Android\Sdk;C:\WINDOWS\system32\config\systemprofile\AppData\Local\Android\Sdk\platform-tools;C:\Program Files\HP\HP One Agent;F:\MuyXue\Sonar\sonar-scanner-cli-5.0.1.3006-windows\sonar-scanner-5.0.1.3006-windows\bin;c:\Users\DIEM MY\AppData\Local\Programs\cursor\resources\app\bin;C:\Program Files\Microsoft SQL Server\150\Tools\Binn\;C:\WINDOWS\system32;C:\WINDOWS;C:\WINDOWS\System32\Wbem;C:\WINDOWS\System32\WindowsPowerShell\v1.0\;C:\WINDOWS\System32\OpenSSH\;C:\Users\DIEM MY\AppData\Local\Android\Sdk\tools;C:\Program Files\MySQL\MySQL Shell 8.0\bin\;C:\Users\DIEM MY\AppData\Local\Programs\Python\Python311\Scripts\;C:\Users\DIEM MY\AppData\Local\Programs\Python\Python311\;C:\Users\DIEM MY\AppData\Local\Programs\Python\Python39\Scripts\;C:\Users\DIEM MY\AppData\Local\Programs\Python\Python39\;C:\Users\DIEM MY\AppData\Local\Microsoft\WindowsApps;C:\Users\DIEM MY\AppData\Local\Programs\Microsoft VS Code\bin;C:\Program Files\Azure Data Studio\bin;C:\Users\DIEM MY\AppData\Roaming\npm;C:\Users\DIEM MY\AppData\Local\Android\Sdk\platform-to
USERNAME=DIEM MY
OS=Windows_NT
PROCESSOR_IDENTIFIER=Intel64 Family 6 Model 140 Stepping 1, GenuineIntel
TMP=C:\Users\DIEMMY~1\AppData\Local\Temp
TEMP=C:\Users\DIEMMY~1\AppData\Local\Temp



---------------  S Y S T E M  ---------------

OS:
 Windows 11 , 64 bit Build 26100 (10.0.26100.3912)
OS uptime: 3 days 3:09 hours
Hyper-V role detected

CPU: total 8 (initial active 8) (4 cores per cpu, 2 threads per core) family 6 model 140 stepping 1 microcode 0xbc, cx8, cmov, fxsr, ht, mmx, 3dnowpref, sse, sse2, sse3, ssse3, sse4.1, sse4.2, popcnt, lzcnt, tsc, tscinvbit, avx, avx2, aes, erms, clmul, bmi1, bmi2, adx, avx512f, avx512dq, avx512cd, avx512bw, avx512vl, sha, fma, vzeroupper, avx512_vpopcntdq, avx512_vpclmulqdq, avx512_vaes, avx512_vnni, clflush, clflushopt, clwb, avx512_vbmi2, avx512_vbmi, hv
Processor Information for all 8 processors :
  Max Mhz: 2803, Current Mhz: 2803, Mhz Limit: 2803

Memory: 4k page, system-wide physical 7937M (747M free)
TotalPageFile size 31937M (AvailPageFile size 20M)
current process WorkingSet (physical memory assigned to process): 303M, peak: 303M
current process commit charge ("private bytes"): 391M, peak: 585M

vm_info: OpenJDK 64-Bit Server VM (17.0.8+7-LTS) for windows-amd64 JRE (17.0.8+7-LTS), built on Jul  7 2023 17:21:55 by "MicrosoftCorporation" with MS VC++ 16.10 / 16.11 (VS2019)

END.
